[INFO] [14:10:16.501] [JavaFX Application Thread] [] com.zzg.mybatis.generator.util.DbUtil.<clinit>:32 --> load driver class: com.mysql.jdbc.Driver@63aedbe0
[INFO] [14:10:16.506] [JavaFX Application Thread] [] com.zzg.mybatis.generator.util.DbUtil.<clinit>:32 --> load driver class: oracle.jdbc.driver.OracleDriver@7279bfea
[INFO] [14:10:16.509] [JavaFX Application Thread] [] com.zzg.mybatis.generator.util.DbUtil.<clinit>:32 --> load driver class: org.postgresql.Driver@506c619e
[INFO] [14:10:16.544] [JavaFX Application Thread] [] com.zzg.mybatis.generator.util.DbUtil.<clinit>:32 --> load driver class: SQLServerDriver:2
[INFO] [14:10:16.544] [JavaFX Application Thread] [] com.zzg.mybatis.generator.util.DbUtil.<clinit>:32 --> load driver class: org.sqlite.JDBC@5ce6e9bd
[INFO] [14:10:16.545] [JavaFX Application Thread] [] com.zzg.mybatis.generator.util.DbUtil.getConnectionUrlWithSchema:113 --> getConnectionUrlWithSchema, connection url: jdbc:mysql://rm-wz94985s63t088s7a.mysql.rds.aliyuncs.com:3306/cxc?useUnicode=true&useSSL=false&characterEncoding=utf8
[INFO] [14:10:16.546] [JavaFX Application Thread] [] com.zzg.mybatis.generator.util.DbUtil.getTableNames:55 --> getTableNames, connection url: jdbc:mysql://rm-wz94985s63t088s7a.mysql.rds.aliyuncs.com:3306/cxc?useUnicode=true&useSSL=false&characterEncoding=utf8
[INFO] [14:10:16.546] [JavaFX Application Thread] [] com.zzg.mybatis.generator.util.DbUtil.getConnectionUrlWithSchema:113 --> getConnectionUrlWithSchema, connection url: jdbc:mysql://rm-wz94985s63t088s7a.mysql.rds.aliyuncs.com:3306/cxc?useUnicode=true&useSSL=false&characterEncoding=utf8
[INFO] [14:10:16.852] [JavaFX Application Thread] [] com.zzg.mybatis.generator.util.DbUtil.getConnection:49 --> getConnection, connection url: com.mysql.jdbc.JDBC4Connection@616feba8
[INFO] [14:20:56.419] [JavaFX Application Thread] [] com.zzg.mybatis.generator.util.ConfigHelper.loadGeneratorConfigs:180 --> sql: SELECT * FROM generator_config
[INFO] [14:20:57.981] [JavaFX Application Thread] [] com.zzg.mybatis.generator.util.ConfigHelper.loadGeneratorConfig:157 --> sql: SELECT * FROM generator_config where name='ast'
[INFO] [14:27:02.798] [JavaFX Application Thread] [] com.zzg.mybatis.generator.controller.MainUIController.saveGeneratorConfig:277 --> user choose name: astrology
[INFO] [14:27:05.975] [JavaFX Application Thread] [] com.zzg.mybatis.generator.util.ConfigHelper.findConnectorLibPath:213 --> jar resource: file:/D:/workspace/cxc/mybatis-generator-gui-master/target/classes/logback.xml
[INFO] [14:27:05.976] [JavaFX Application Thread] [] com.zzg.mybatis.generator.bridge.MybatisGeneratorBridge.generate:60 --> connectorLibPath: D:\workspace\cxc\mybatis-generator-gui-master\target\classes\lib\mysql-connector-java-5.1.38.jar
[INFO] [14:27:05.978] [JavaFX Application Thread] [] com.zzg.mybatis.generator.util.DbUtil.getConnectionUrlWithSchema:113 --> getConnectionUrlWithSchema, connection url: jdbc:mysql://rm-wz94985s63t088s7a.mysql.rds.aliyuncs.com:3306/cxc?useUnicode=true&useSSL=false&characterEncoding=utf8
[INFO] [14:32:47.509] [JavaFX Application Thread] [] com.zzg.mybatis.generator.controller.MainUIController.saveGeneratorConfig:277 --> user choose name: tr
[INFO] [14:32:48.944] [JavaFX Application Thread] [] com.zzg.mybatis.generator.util.ConfigHelper.loadGeneratorConfigs:180 --> sql: SELECT * FROM generator_config
[DEBUG] [14:32:51.556] [JavaFX Application Thread] [] com.zzg.mybatis.generator.controller.GeneratorConfigController.lambda$1:75 --> item: astrology
[INFO] [14:32:51.557] [JavaFX Application Thread] [] com.zzg.mybatis.generator.util.ConfigHelper.deleteGeneratorConfig:202 --> sql: DELETE FROM generator_config where name='astrology'
[INFO] [14:32:51.619] [JavaFX Application Thread] [] com.zzg.mybatis.generator.util.ConfigHelper.loadGeneratorConfigs:180 --> sql: SELECT * FROM generator_config
[INFO] [14:33:12.511] [JavaFX Application Thread] [] com.zzg.mybatis.generator.util.ConfigHelper.findConnectorLibPath:213 --> jar resource: file:/D:/workspace/cxc/mybatis-generator-gui-master/target/classes/logback.xml
[INFO] [14:33:12.512] [JavaFX Application Thread] [] com.zzg.mybatis.generator.bridge.MybatisGeneratorBridge.generate:60 --> connectorLibPath: D:\workspace\cxc\mybatis-generator-gui-master\target\classes\lib\mysql-connector-java-5.1.38.jar
[INFO] [14:33:12.512] [JavaFX Application Thread] [] com.zzg.mybatis.generator.util.DbUtil.getConnectionUrlWithSchema:113 --> getConnectionUrlWithSchema, connection url: jdbc:mysql://rm-wz94985s63t088s7a.mysql.rds.aliyuncs.com:3306/cxc?useUnicode=true&useSSL=false&characterEncoding=utf8
[INFO] [16:13:30.519] [JavaFX Application Thread] [] com.zzg.mybatis.generator.util.ConfigHelper.findConnectorLibPath:213 --> jar resource: file:/D:/workspace/cxc/mybatis-generator-gui-master/target/classes/logback.xml
[INFO] [16:13:30.523] [JavaFX Application Thread] [] com.zzg.mybatis.generator.bridge.MybatisGeneratorBridge.generate:60 --> connectorLibPath: D:\workspace\cxc\mybatis-generator-gui-master\target\classes\lib\mysql-connector-java-5.1.38.jar
[INFO] [16:13:30.525] [JavaFX Application Thread] [] com.zzg.mybatis.generator.util.DbUtil.getConnectionUrlWithSchema:113 --> getConnectionUrlWithSchema, connection url: jdbc:mysql://rm-wz94985s63t088s7a.mysql.rds.aliyuncs.com:3306/cxc?useUnicode=true&useSSL=false&characterEncoding=utf8
[INFO] [16:13:34.330] [JavaFX Application Thread] [] com.zzg.mybatis.generator.util.ConfigHelper.findConnectorLibPath:213 --> jar resource: file:/D:/workspace/cxc/mybatis-generator-gui-master/target/classes/logback.xml
[INFO] [16:13:34.331] [JavaFX Application Thread] [] com.zzg.mybatis.generator.bridge.MybatisGeneratorBridge.generate:60 --> connectorLibPath: D:\workspace\cxc\mybatis-generator-gui-master\target\classes\lib\mysql-connector-java-5.1.38.jar
[INFO] [16:13:34.332] [JavaFX Application Thread] [] com.zzg.mybatis.generator.util.DbUtil.getConnectionUrlWithSchema:113 --> getConnectionUrlWithSchema, connection url: jdbc:mysql://rm-wz94985s63t088s7a.mysql.rds.aliyuncs.com:3306/cxc?useUnicode=true&useSSL=false&characterEncoding=utf8
[INFO] [16:13:59.099] [JavaFX Application Thread] [] com.zzg.mybatis.generator.util.ConfigHelper.findConnectorLibPath:213 --> jar resource: file:/D:/workspace/cxc/mybatis-generator-gui-master/target/classes/logback.xml
[INFO] [16:13:59.099] [JavaFX Application Thread] [] com.zzg.mybatis.generator.bridge.MybatisGeneratorBridge.generate:60 --> connectorLibPath: D:\workspace\cxc\mybatis-generator-gui-master\target\classes\lib\mysql-connector-java-5.1.38.jar
[INFO] [16:13:59.100] [JavaFX Application Thread] [] com.zzg.mybatis.generator.util.DbUtil.getConnectionUrlWithSchema:113 --> getConnectionUrlWithSchema, connection url: jdbc:mysql://rm-wz94985s63t088s7a.mysql.rds.aliyuncs.com:3306/cxc?useUnicode=true&useSSL=false&characterEncoding=utf8
[INFO] [16:30:59.992] [JavaFX Application Thread] [] com.zzg.mybatis.generator.util.ConfigHelper.loadGeneratorConfigs:180 --> sql: SELECT * FROM generator_config
[INFO] [16:31:49.051] [JavaFX Application Thread] [] com.zzg.mybatis.generator.controller.MainUIController.saveGeneratorConfig:277 --> user choose name: na
[INFO] [16:31:51.860] [JavaFX Application Thread] [] com.zzg.mybatis.generator.util.ConfigHelper.findConnectorLibPath:213 --> jar resource: file:/D:/workspace/cxc/mybatis-generator-gui-master/target/classes/logback.xml
[INFO] [16:31:51.861] [JavaFX Application Thread] [] com.zzg.mybatis.generator.bridge.MybatisGeneratorBridge.generate:60 --> connectorLibPath: D:\workspace\cxc\mybatis-generator-gui-master\target\classes\lib\mysql-connector-java-5.1.38.jar
[INFO] [16:31:51.861] [JavaFX Application Thread] [] com.zzg.mybatis.generator.util.DbUtil.getConnectionUrlWithSchema:113 --> getConnectionUrlWithSchema, connection url: jdbc:mysql://rm-wz94985s63t088s7a.mysql.rds.aliyuncs.com:3306/cxc?useUnicode=true&useSSL=false&characterEncoding=utf8
[INFO] [16:31:54.850] [JavaFX Application Thread] [] com.zzg.mybatis.generator.util.ConfigHelper.findConnectorLibPath:213 --> jar resource: file:/D:/workspace/cxc/mybatis-generator-gui-master/target/classes/logback.xml
[INFO] [16:31:54.850] [JavaFX Application Thread] [] com.zzg.mybatis.generator.bridge.MybatisGeneratorBridge.generate:60 --> connectorLibPath: D:\workspace\cxc\mybatis-generator-gui-master\target\classes\lib\mysql-connector-java-5.1.38.jar
[INFO] [16:31:54.851] [JavaFX Application Thread] [] com.zzg.mybatis.generator.util.DbUtil.getConnectionUrlWithSchema:113 --> getConnectionUrlWithSchema, connection url: jdbc:mysql://rm-wz94985s63t088s7a.mysql.rds.aliyuncs.com:3306/cxc?useUnicode=true&useSSL=false&characterEncoding=utf8
[INFO] [16:32:00.603] [JavaFX Application Thread] [] com.zzg.mybatis.generator.util.ConfigHelper.findConnectorLibPath:213 --> jar resource: file:/D:/workspace/cxc/mybatis-generator-gui-master/target/classes/logback.xml
[INFO] [16:32:00.604] [JavaFX Application Thread] [] com.zzg.mybatis.generator.bridge.MybatisGeneratorBridge.generate:60 --> connectorLibPath: D:\workspace\cxc\mybatis-generator-gui-master\target\classes\lib\mysql-connector-java-5.1.38.jar
[INFO] [16:32:00.604] [JavaFX Application Thread] [] com.zzg.mybatis.generator.util.DbUtil.getConnectionUrlWithSchema:113 --> getConnectionUrlWithSchema, connection url: jdbc:mysql://rm-wz94985s63t088s7a.mysql.rds.aliyuncs.com:3306/cxc?useUnicode=true&useSSL=false&characterEncoding=utf8
[INFO] [16:32:03.946] [JavaFX Application Thread] [] com.zzg.mybatis.generator.util.ConfigHelper.findConnectorLibPath:213 --> jar resource: file:/D:/workspace/cxc/mybatis-generator-gui-master/target/classes/logback.xml
[INFO] [16:32:03.947] [JavaFX Application Thread] [] com.zzg.mybatis.generator.bridge.MybatisGeneratorBridge.generate:60 --> connectorLibPath: D:\workspace\cxc\mybatis-generator-gui-master\target\classes\lib\mysql-connector-java-5.1.38.jar
[INFO] [16:32:03.947] [JavaFX Application Thread] [] com.zzg.mybatis.generator.util.DbUtil.getConnectionUrlWithSchema:113 --> getConnectionUrlWithSchema, connection url: jdbc:mysql://rm-wz94985s63t088s7a.mysql.rds.aliyuncs.com:3306/cxc?useUnicode=true&useSSL=false&characterEncoding=utf8
[INFO] [16:32:06.955] [JavaFX Application Thread] [] com.zzg.mybatis.generator.util.ConfigHelper.findConnectorLibPath:213 --> jar resource: file:/D:/workspace/cxc/mybatis-generator-gui-master/target/classes/logback.xml
[INFO] [16:32:06.955] [JavaFX Application Thread] [] com.zzg.mybatis.generator.bridge.MybatisGeneratorBridge.generate:60 --> connectorLibPath: D:\workspace\cxc\mybatis-generator-gui-master\target\classes\lib\mysql-connector-java-5.1.38.jar
[INFO] [16:32:06.955] [JavaFX Application Thread] [] com.zzg.mybatis.generator.util.DbUtil.getConnectionUrlWithSchema:113 --> getConnectionUrlWithSchema, connection url: jdbc:mysql://rm-wz94985s63t088s7a.mysql.rds.aliyuncs.com:3306/cxc?useUnicode=true&useSSL=false&characterEncoding=utf8
[INFO] [16:32:47.154] [JavaFX Application Thread] [] com.zzg.mybatis.generator.util.ConfigHelper.findConnectorLibPath:213 --> jar resource: file:/D:/workspace/cxc/mybatis-generator-gui-master/target/classes/logback.xml
[INFO] [16:32:47.155] [JavaFX Application Thread] [] com.zzg.mybatis.generator.bridge.MybatisGeneratorBridge.generate:60 --> connectorLibPath: D:\workspace\cxc\mybatis-generator-gui-master\target\classes\lib\mysql-connector-java-5.1.38.jar
[INFO] [16:32:47.156] [JavaFX Application Thread] [] com.zzg.mybatis.generator.util.DbUtil.getConnectionUrlWithSchema:113 --> getConnectionUrlWithSchema, connection url: jdbc:mysql://rm-wz94985s63t088s7a.mysql.rds.aliyuncs.com:3306/cxc?useUnicode=true&useSSL=false&characterEncoding=utf8
[INFO] [16:32:52.311] [JavaFX Application Thread] [] com.zzg.mybatis.generator.util.ConfigHelper.findConnectorLibPath:213 --> jar resource: file:/D:/workspace/cxc/mybatis-generator-gui-master/target/classes/logback.xml
[INFO] [16:32:52.312] [JavaFX Application Thread] [] com.zzg.mybatis.generator.bridge.MybatisGeneratorBridge.generate:60 --> connectorLibPath: D:\workspace\cxc\mybatis-generator-gui-master\target\classes\lib\mysql-connector-java-5.1.38.jar
[INFO] [16:32:52.312] [JavaFX Application Thread] [] com.zzg.mybatis.generator.util.DbUtil.getConnectionUrlWithSchema:113 --> getConnectionUrlWithSchema, connection url: jdbc:mysql://rm-wz94985s63t088s7a.mysql.rds.aliyuncs.com:3306/cxc?useUnicode=true&useSSL=false&characterEncoding=utf8
