[INFO] [17:01:36.214] [JavaFX Application Thread] [] com.zzg.mybatis.generator.util.DbUtil.<clinit>:32 --> load driver class: com.mysql.jdbc.Driver@27f4ba70
[INFO] [17:01:36.255] [JavaFX Application Thread] [] com.zzg.mybatis.generator.util.DbUtil.<clinit>:32 --> load driver class: oracle.jdbc.driver.OracleDriver@6c404d3d
[INFO] [17:01:36.292] [JavaFX Application Thread] [] com.zzg.mybatis.generator.util.DbUtil.<clinit>:32 --> load driver class: org.postgresql.Driver@77e1d471
[INFO] [17:01:36.397] [JavaFX Application Thread] [] com.zzg.mybatis.generator.util.DbUtil.<clinit>:32 --> load driver class: SQLServerDriver:2
[INFO] [17:01:36.398] [JavaFX Application Thread] [] com.zzg.mybatis.generator.util.DbUtil.<clinit>:32 --> load driver class: org.sqlite.JDBC@19aa7d27
[INFO] [17:01:36.398] [JavaFX Application Thread] [] com.zzg.mybatis.generator.util.DbUtil.getConnectionUrlWithSchema:113 --> getConnectionUrlWithSchema, connection url: jdbc:mysql://rm-wz94985s63t088s7a.mysql.rds.aliyuncs.com:3306/cxc1?useUnicode=true&useSSL=false&characterEncoding=utf8
[INFO] [17:01:36.398] [JavaFX Application Thread] [] com.zzg.mybatis.generator.util.DbUtil.getTableNames:55 --> getTableNames, connection url: jdbc:mysql://rm-wz94985s63t088s7a.mysql.rds.aliyuncs.com:3306/cxc1?useUnicode=true&useSSL=false&characterEncoding=utf8
[INFO] [17:01:36.399] [JavaFX Application Thread] [] com.zzg.mybatis.generator.util.DbUtil.getConnectionUrlWithSchema:113 --> getConnectionUrlWithSchema, connection url: jdbc:mysql://rm-wz94985s63t088s7a.mysql.rds.aliyuncs.com:3306/cxc1?useUnicode=true&useSSL=false&characterEncoding=utf8
[ERROR] [17:01:36.628] [JavaFX Application Thread] [] com.zzg.mybatis.generator.controller.MainUIController.lambda$3:171 --> Invalid authorization specification,  message from server: "#28000ip not in whitelist, client ip is 113.87.161.195"
java.sql.SQLException: Invalid authorization specification,  message from server: "#28000ip not in whitelist, client ip is 113.87.161.195"
	at com.mysql.jdbc.SQLError.createSQLException(SQLError.java:957) ~[na:na]
	at com.mysql.jdbc.SQLError.createSQLException(SQLError.java:896) ~[na:na]
	at com.mysql.jdbc.SQLError.createSQLException(SQLError.java:885) ~[na:na]
	at com.mysql.jdbc.MysqlIO.doHandshake(MysqlIO.java:1038) ~[na:na]
	at com.mysql.jdbc.ConnectionImpl.coreConnect(ConnectionImpl.java:2255) ~[na:na]
	at com.mysql.jdbc.ConnectionImpl.connectOneTryOnly(ConnectionImpl.java:2286) ~[na:na]
	at com.mysql.jdbc.ConnectionImpl.createNewIO(ConnectionImpl.java:2085) ~[na:na]
	at com.mysql.jdbc.ConnectionImpl.<init>(ConnectionImpl.java:795) ~[na:na]
	at com.mysql.jdbc.JDBC4Connection.<init>(JDBC4Connection.java:44) ~[na:na]
	at sun.reflect.NativeConstructorAccessorImpl.newInstance0(Native Method) ~[na:1.8.0_131]
	at sun.reflect.NativeConstructorAccessorImpl.newInstance(Unknown Source) ~[na:1.8.0_131]
	at sun.reflect.DelegatingConstructorAccessorImpl.newInstance(Unknown Source) ~[na:1.8.0_131]
	at java.lang.reflect.Constructor.newInstance(Unknown Source) ~[na:1.8.0_131]
	at com.mysql.jdbc.Util.handleNewInstance(Util.java:404) ~[na:na]
	at com.mysql.jdbc.ConnectionImpl.getInstance(ConnectionImpl.java:400) ~[na:na]
	at com.mysql.jdbc.NonRegisteringDriver.connect(NonRegisteringDriver.java:327) ~[na:na]
	at com.zzg.mybatis.generator.util.DbUtil.getConnection(DbUtil.java:48) ~[classes/:na]
	at com.zzg.mybatis.generator.util.DbUtil.getTableNames(DbUtil.java:56) ~[classes/:na]
	at com.zzg.mybatis.generator.controller.MainUIController.lambda$3(MainUIController.java:153) ~[classes/:na]
	at com.sun.javafx.event.CompositeEventHandler$NormalEventHandlerRecord.handleBubblingEvent(CompositeEventHandler.java:218) ~[jfxrt.jar:na]
	at com.sun.javafx.event.CompositeEventHandler.dispatchBubblingEvent(CompositeEventHandler.java:80) ~[jfxrt.jar:na]
	at com.sun.javafx.event.EventHandlerManager.dispatchBubblingEvent(EventHandlerManager.java:238) ~[jfxrt.jar:na]
	at com.sun.javafx.event.EventHandlerManager.dispatchBubblingEvent(EventHandlerManager.java:191) ~[jfxrt.jar:na]
	at com.sun.javafx.event.CompositeEventDispatcher.dispatchBubblingEvent(CompositeEventDispatcher.java:59) ~[jfxrt.jar:na]
	at com.sun.javafx.event.BasicEventDispatcher.dispatchEvent(BasicEventDispatcher.java:58) ~[jfxrt.jar:na]
	at com.sun.javafx.event.EventDispatchChainImpl.dispatchEvent(EventDispatchChainImpl.java:114) ~[jfxrt.jar:na]
	at com.sun.javafx.event.BasicEventDispatcher.dispatchEvent(BasicEventDispatcher.java:56) ~[jfxrt.jar:na]
	at com.sun.javafx.event.EventDispatchChainImpl.dispatchEvent(EventDispatchChainImpl.java:114) ~[jfxrt.jar:na]
	at com.sun.javafx.event.BasicEventDispatcher.dispatchEvent(BasicEventDispatcher.java:56) ~[jfxrt.jar:na]
	at com.sun.javafx.event.EventDispatchChainImpl.dispatchEvent(EventDispatchChainImpl.java:114) ~[jfxrt.jar:na]
	at com.sun.javafx.event.BasicEventDispatcher.dispatchEvent(BasicEventDispatcher.java:56) ~[jfxrt.jar:na]
	at com.sun.javafx.event.EventDispatchChainImpl.dispatchEvent(EventDispatchChainImpl.java:114) ~[jfxrt.jar:na]
	at com.sun.javafx.event.BasicEventDispatcher.dispatchEvent(BasicEventDispatcher.java:56) ~[jfxrt.jar:na]
	at com.sun.javafx.event.EventDispatchChainImpl.dispatchEvent(EventDispatchChainImpl.java:114) ~[jfxrt.jar:na]
	at com.sun.javafx.event.BasicEventDispatcher.dispatchEvent(BasicEventDispatcher.java:56) ~[jfxrt.jar:na]
	at com.sun.javafx.event.EventDispatchChainImpl.dispatchEvent(EventDispatchChainImpl.java:114) ~[jfxrt.jar:na]
	at com.sun.javafx.event.EventUtil.fireEventImpl(EventUtil.java:74) ~[jfxrt.jar:na]
	at com.sun.javafx.event.EventUtil.fireEvent(EventUtil.java:54) ~[jfxrt.jar:na]
	at javafx.event.Event.fireEvent(Event.java:198) ~[jfxrt.jar:na]
	at javafx.scene.Scene$ClickGenerator.postProcess(Scene.java:3470) ~[jfxrt.jar:na]
	at javafx.scene.Scene$ClickGenerator.access$8100(Scene.java:3398) ~[jfxrt.jar:na]
	at javafx.scene.Scene$MouseHandler.process(Scene.java:3766) ~[jfxrt.jar:na]
	at javafx.scene.Scene$MouseHandler.access$1500(Scene.java:3485) ~[jfxrt.jar:na]
	at javafx.scene.Scene.impl_processMouseEvent(Scene.java:1762) ~[jfxrt.jar:na]
	at javafx.scene.Scene$ScenePeerListener.mouseEvent(Scene.java:2494) ~[jfxrt.jar:na]
	at com.sun.javafx.tk.quantum.GlassViewEventHandler$MouseEventNotification.run(GlassViewEventHandler.java:381) ~[jfxrt.jar:na]
	at com.sun.javafx.tk.quantum.GlassViewEventHandler$MouseEventNotification.run(GlassViewEventHandler.java:295) ~[jfxrt.jar:na]
	at java.security.AccessController.doPrivileged(Native Method) ~[na:1.8.0_131]
	at com.sun.javafx.tk.quantum.GlassViewEventHandler.lambda$handleMouseEvent$354(GlassViewEventHandler.java:417) ~[jfxrt.jar:na]
	at com.sun.javafx.tk.quantum.QuantumToolkit.runWithoutRenderLock(QuantumToolkit.java:389) ~[jfxrt.jar:na]
	at com.sun.javafx.tk.quantum.GlassViewEventHandler.handleMouseEvent(GlassViewEventHandler.java:416) ~[jfxrt.jar:na]
	at com.sun.glass.ui.View.handleMouseEvent(View.java:555) ~[jfxrt.jar:na]
	at com.sun.glass.ui.View.notifyMouse(View.java:937) ~[jfxrt.jar:na]
	at com.sun.glass.ui.win.WinApplication._runLoop(Native Method) ~[jfxrt.jar:na]
	at com.sun.glass.ui.win.WinApplication.lambda$null$148(WinApplication.java:191) ~[jfxrt.jar:na]
	at java.lang.Thread.run(Unknown Source) ~[na:1.8.0_131]
[INFO] [17:01:39.895] [JavaFX Application Thread] [] com.zzg.mybatis.generator.util.DbUtil.getConnectionUrlWithSchema:113 --> getConnectionUrlWithSchema, connection url: jdbc:mysql://rm-wz94985s63t088s7a.mysql.rds.aliyuncs.com:3306/cxc1?useUnicode=true&useSSL=false&characterEncoding=utf8
[INFO] [17:01:39.896] [JavaFX Application Thread] [] com.zzg.mybatis.generator.util.DbUtil.getTableNames:55 --> getTableNames, connection url: jdbc:mysql://rm-wz94985s63t088s7a.mysql.rds.aliyuncs.com:3306/cxc1?useUnicode=true&useSSL=false&characterEncoding=utf8
[INFO] [17:01:39.897] [JavaFX Application Thread] [] com.zzg.mybatis.generator.util.DbUtil.getConnectionUrlWithSchema:113 --> getConnectionUrlWithSchema, connection url: jdbc:mysql://rm-wz94985s63t088s7a.mysql.rds.aliyuncs.com:3306/cxc1?useUnicode=true&useSSL=false&characterEncoding=utf8
[ERROR] [17:01:39.933] [JavaFX Application Thread] [] com.zzg.mybatis.generator.controller.MainUIController.lambda$3:171 --> Invalid authorization specification,  message from server: "#28000ip not in whitelist, client ip is 113.87.161.195"
java.sql.SQLException: Invalid authorization specification,  message from server: "#28000ip not in whitelist, client ip is 113.87.161.195"
	at com.mysql.jdbc.SQLError.createSQLException(SQLError.java:957) ~[na:na]
	at com.mysql.jdbc.SQLError.createSQLException(SQLError.java:896) ~[na:na]
	at com.mysql.jdbc.SQLError.createSQLException(SQLError.java:885) ~[na:na]
	at com.mysql.jdbc.MysqlIO.doHandshake(MysqlIO.java:1038) ~[na:na]
	at com.mysql.jdbc.ConnectionImpl.coreConnect(ConnectionImpl.java:2255) ~[na:na]
	at com.mysql.jdbc.ConnectionImpl.connectOneTryOnly(ConnectionImpl.java:2286) ~[na:na]
	at com.mysql.jdbc.ConnectionImpl.createNewIO(ConnectionImpl.java:2085) ~[na:na]
	at com.mysql.jdbc.ConnectionImpl.<init>(ConnectionImpl.java:795) ~[na:na]
	at com.mysql.jdbc.JDBC4Connection.<init>(JDBC4Connection.java:44) ~[na:na]
	at sun.reflect.NativeConstructorAccessorImpl.newInstance0(Native Method) ~[na:1.8.0_131]
	at sun.reflect.NativeConstructorAccessorImpl.newInstance(Unknown Source) ~[na:1.8.0_131]
	at sun.reflect.DelegatingConstructorAccessorImpl.newInstance(Unknown Source) ~[na:1.8.0_131]
	at java.lang.reflect.Constructor.newInstance(Unknown Source) ~[na:1.8.0_131]
	at com.mysql.jdbc.Util.handleNewInstance(Util.java:404) ~[na:na]
	at com.mysql.jdbc.ConnectionImpl.getInstance(ConnectionImpl.java:400) ~[na:na]
	at com.mysql.jdbc.NonRegisteringDriver.connect(NonRegisteringDriver.java:327) ~[na:na]
	at com.zzg.mybatis.generator.util.DbUtil.getConnection(DbUtil.java:48) ~[classes/:na]
	at com.zzg.mybatis.generator.util.DbUtil.getTableNames(DbUtil.java:56) ~[classes/:na]
	at com.zzg.mybatis.generator.controller.MainUIController.lambda$3(MainUIController.java:153) ~[classes/:na]
	at com.sun.javafx.event.CompositeEventHandler$NormalEventHandlerRecord.handleBubblingEvent(CompositeEventHandler.java:218) ~[jfxrt.jar:na]
	at com.sun.javafx.event.CompositeEventHandler.dispatchBubblingEvent(CompositeEventHandler.java:80) ~[jfxrt.jar:na]
	at com.sun.javafx.event.EventHandlerManager.dispatchBubblingEvent(EventHandlerManager.java:238) ~[jfxrt.jar:na]
	at com.sun.javafx.event.EventHandlerManager.dispatchBubblingEvent(EventHandlerManager.java:191) ~[jfxrt.jar:na]
	at com.sun.javafx.event.CompositeEventDispatcher.dispatchBubblingEvent(CompositeEventDispatcher.java:59) ~[jfxrt.jar:na]
	at com.sun.javafx.event.BasicEventDispatcher.dispatchEvent(BasicEventDispatcher.java:58) ~[jfxrt.jar:na]
	at com.sun.javafx.event.EventDispatchChainImpl.dispatchEvent(EventDispatchChainImpl.java:114) ~[jfxrt.jar:na]
	at com.sun.javafx.event.BasicEventDispatcher.dispatchEvent(BasicEventDispatcher.java:56) ~[jfxrt.jar:na]
	at com.sun.javafx.event.EventDispatchChainImpl.dispatchEvent(EventDispatchChainImpl.java:114) ~[jfxrt.jar:na]
	at com.sun.javafx.event.BasicEventDispatcher.dispatchEvent(BasicEventDispatcher.java:56) ~[jfxrt.jar:na]
	at com.sun.javafx.event.EventDispatchChainImpl.dispatchEvent(EventDispatchChainImpl.java:114) ~[jfxrt.jar:na]
	at com.sun.javafx.event.BasicEventDispatcher.dispatchEvent(BasicEventDispatcher.java:56) ~[jfxrt.jar:na]
	at com.sun.javafx.event.EventDispatchChainImpl.dispatchEvent(EventDispatchChainImpl.java:114) ~[jfxrt.jar:na]
	at com.sun.javafx.event.BasicEventDispatcher.dispatchEvent(BasicEventDispatcher.java:56) ~[jfxrt.jar:na]
	at com.sun.javafx.event.EventDispatchChainImpl.dispatchEvent(EventDispatchChainImpl.java:114) ~[jfxrt.jar:na]
	at com.sun.javafx.event.BasicEventDispatcher.dispatchEvent(BasicEventDispatcher.java:56) ~[jfxrt.jar:na]
	at com.sun.javafx.event.EventDispatchChainImpl.dispatchEvent(EventDispatchChainImpl.java:114) ~[jfxrt.jar:na]
	at com.sun.javafx.event.EventUtil.fireEventImpl(EventUtil.java:74) ~[jfxrt.jar:na]
	at com.sun.javafx.event.EventUtil.fireEvent(EventUtil.java:54) ~[jfxrt.jar:na]
	at javafx.event.Event.fireEvent(Event.java:198) ~[jfxrt.jar:na]
	at javafx.scene.Scene$ClickGenerator.postProcess(Scene.java:3470) ~[jfxrt.jar:na]
	at javafx.scene.Scene$ClickGenerator.access$8100(Scene.java:3398) ~[jfxrt.jar:na]
	at javafx.scene.Scene$MouseHandler.process(Scene.java:3766) ~[jfxrt.jar:na]
	at javafx.scene.Scene$MouseHandler.access$1500(Scene.java:3485) ~[jfxrt.jar:na]
	at javafx.scene.Scene.impl_processMouseEvent(Scene.java:1762) ~[jfxrt.jar:na]
	at javafx.scene.Scene$ScenePeerListener.mouseEvent(Scene.java:2494) ~[jfxrt.jar:na]
	at com.sun.javafx.tk.quantum.GlassViewEventHandler$MouseEventNotification.run(GlassViewEventHandler.java:381) ~[jfxrt.jar:na]
	at com.sun.javafx.tk.quantum.GlassViewEventHandler$MouseEventNotification.run(GlassViewEventHandler.java:295) ~[jfxrt.jar:na]
	at java.security.AccessController.doPrivileged(Native Method) ~[na:1.8.0_131]
	at com.sun.javafx.tk.quantum.GlassViewEventHandler.lambda$handleMouseEvent$354(GlassViewEventHandler.java:417) ~[jfxrt.jar:na]
	at com.sun.javafx.tk.quantum.QuantumToolkit.runWithoutRenderLock(QuantumToolkit.java:389) ~[jfxrt.jar:na]
	at com.sun.javafx.tk.quantum.GlassViewEventHandler.handleMouseEvent(GlassViewEventHandler.java:416) ~[jfxrt.jar:na]
	at com.sun.glass.ui.View.handleMouseEvent(View.java:555) ~[jfxrt.jar:na]
	at com.sun.glass.ui.View.notifyMouse(View.java:937) ~[jfxrt.jar:na]
	at com.sun.glass.ui.win.WinApplication._runLoop(Native Method) ~[jfxrt.jar:na]
	at com.sun.glass.ui.win.WinApplication.lambda$null$148(WinApplication.java:191) ~[jfxrt.jar:na]
	at java.lang.Thread.run(Unknown Source) ~[na:1.8.0_131]
[INFO] [17:01:41.889] [JavaFX Application Thread] [] com.zzg.mybatis.generator.util.DbUtil.getConnectionUrlWithSchema:113 --> getConnectionUrlWithSchema, connection url: jdbc:mysql://rm-wz94985s63t088s7a.mysql.rds.aliyuncs.com:3306/cxc1?useUnicode=true&useSSL=false&characterEncoding=utf8
[INFO] [17:01:41.890] [JavaFX Application Thread] [] com.zzg.mybatis.generator.util.DbUtil.getTableNames:55 --> getTableNames, connection url: jdbc:mysql://rm-wz94985s63t088s7a.mysql.rds.aliyuncs.com:3306/cxc1?useUnicode=true&useSSL=false&characterEncoding=utf8
[INFO] [17:01:41.891] [JavaFX Application Thread] [] com.zzg.mybatis.generator.util.DbUtil.getConnectionUrlWithSchema:113 --> getConnectionUrlWithSchema, connection url: jdbc:mysql://rm-wz94985s63t088s7a.mysql.rds.aliyuncs.com:3306/cxc1?useUnicode=true&useSSL=false&characterEncoding=utf8
[ERROR] [17:01:41.915] [JavaFX Application Thread] [] com.zzg.mybatis.generator.controller.MainUIController.lambda$3:171 --> Invalid authorization specification,  message from server: "#28000ip not in whitelist, client ip is 113.87.161.195"
java.sql.SQLException: Invalid authorization specification,  message from server: "#28000ip not in whitelist, client ip is 113.87.161.195"
	at com.mysql.jdbc.SQLError.createSQLException(SQLError.java:957) ~[na:na]
	at com.mysql.jdbc.SQLError.createSQLException(SQLError.java:896) ~[na:na]
	at com.mysql.jdbc.SQLError.createSQLException(SQLError.java:885) ~[na:na]
	at com.mysql.jdbc.MysqlIO.doHandshake(MysqlIO.java:1038) ~[na:na]
	at com.mysql.jdbc.ConnectionImpl.coreConnect(ConnectionImpl.java:2255) ~[na:na]
	at com.mysql.jdbc.ConnectionImpl.connectOneTryOnly(ConnectionImpl.java:2286) ~[na:na]
	at com.mysql.jdbc.ConnectionImpl.createNewIO(ConnectionImpl.java:2085) ~[na:na]
	at com.mysql.jdbc.ConnectionImpl.<init>(ConnectionImpl.java:795) ~[na:na]
	at com.mysql.jdbc.JDBC4Connection.<init>(JDBC4Connection.java:44) ~[na:na]
	at sun.reflect.NativeConstructorAccessorImpl.newInstance0(Native Method) ~[na:1.8.0_131]
	at sun.reflect.NativeConstructorAccessorImpl.newInstance(Unknown Source) ~[na:1.8.0_131]
	at sun.reflect.DelegatingConstructorAccessorImpl.newInstance(Unknown Source) ~[na:1.8.0_131]
	at java.lang.reflect.Constructor.newInstance(Unknown Source) ~[na:1.8.0_131]
	at com.mysql.jdbc.Util.handleNewInstance(Util.java:404) ~[na:na]
	at com.mysql.jdbc.ConnectionImpl.getInstance(ConnectionImpl.java:400) ~[na:na]
	at com.mysql.jdbc.NonRegisteringDriver.connect(NonRegisteringDriver.java:327) ~[na:na]
	at com.zzg.mybatis.generator.util.DbUtil.getConnection(DbUtil.java:48) ~[classes/:na]
	at com.zzg.mybatis.generator.util.DbUtil.getTableNames(DbUtil.java:56) ~[classes/:na]
	at com.zzg.mybatis.generator.controller.MainUIController.lambda$3(MainUIController.java:153) ~[classes/:na]
	at com.sun.javafx.event.CompositeEventHandler$NormalEventHandlerRecord.handleBubblingEvent(CompositeEventHandler.java:218) ~[jfxrt.jar:na]
	at com.sun.javafx.event.CompositeEventHandler.dispatchBubblingEvent(CompositeEventHandler.java:80) ~[jfxrt.jar:na]
	at com.sun.javafx.event.EventHandlerManager.dispatchBubblingEvent(EventHandlerManager.java:238) ~[jfxrt.jar:na]
	at com.sun.javafx.event.EventHandlerManager.dispatchBubblingEvent(EventHandlerManager.java:191) ~[jfxrt.jar:na]
	at com.sun.javafx.event.CompositeEventDispatcher.dispatchBubblingEvent(CompositeEventDispatcher.java:59) ~[jfxrt.jar:na]
	at com.sun.javafx.event.BasicEventDispatcher.dispatchEvent(BasicEventDispatcher.java:58) ~[jfxrt.jar:na]
	at com.sun.javafx.event.EventDispatchChainImpl.dispatchEvent(EventDispatchChainImpl.java:114) ~[jfxrt.jar:na]
	at com.sun.javafx.event.BasicEventDispatcher.dispatchEvent(BasicEventDispatcher.java:56) ~[jfxrt.jar:na]
	at com.sun.javafx.event.EventDispatchChainImpl.dispatchEvent(EventDispatchChainImpl.java:114) ~[jfxrt.jar:na]
	at com.sun.javafx.event.BasicEventDispatcher.dispatchEvent(BasicEventDispatcher.java:56) ~[jfxrt.jar:na]
	at com.sun.javafx.event.EventDispatchChainImpl.dispatchEvent(EventDispatchChainImpl.java:114) ~[jfxrt.jar:na]
	at com.sun.javafx.event.BasicEventDispatcher.dispatchEvent(BasicEventDispatcher.java:56) ~[jfxrt.jar:na]
	at com.sun.javafx.event.EventDispatchChainImpl.dispatchEvent(EventDispatchChainImpl.java:114) ~[jfxrt.jar:na]
	at com.sun.javafx.event.BasicEventDispatcher.dispatchEvent(BasicEventDispatcher.java:56) ~[jfxrt.jar:na]
	at com.sun.javafx.event.EventDispatchChainImpl.dispatchEvent(EventDispatchChainImpl.java:114) ~[jfxrt.jar:na]
	at com.sun.javafx.event.BasicEventDispatcher.dispatchEvent(BasicEventDispatcher.java:56) ~[jfxrt.jar:na]
	at com.sun.javafx.event.EventDispatchChainImpl.dispatchEvent(EventDispatchChainImpl.java:114) ~[jfxrt.jar:na]
	at com.sun.javafx.event.EventUtil.fireEventImpl(EventUtil.java:74) ~[jfxrt.jar:na]
	at com.sun.javafx.event.EventUtil.fireEvent(EventUtil.java:54) ~[jfxrt.jar:na]
	at javafx.event.Event.fireEvent(Event.java:198) ~[jfxrt.jar:na]
	at javafx.scene.Scene$ClickGenerator.postProcess(Scene.java:3470) ~[jfxrt.jar:na]
	at javafx.scene.Scene$ClickGenerator.access$8100(Scene.java:3398) ~[jfxrt.jar:na]
	at javafx.scene.Scene$MouseHandler.process(Scene.java:3766) ~[jfxrt.jar:na]
	at javafx.scene.Scene$MouseHandler.access$1500(Scene.java:3485) ~[jfxrt.jar:na]
	at javafx.scene.Scene.impl_processMouseEvent(Scene.java:1762) ~[jfxrt.jar:na]
	at javafx.scene.Scene$ScenePeerListener.mouseEvent(Scene.java:2494) ~[jfxrt.jar:na]
	at com.sun.javafx.tk.quantum.GlassViewEventHandler$MouseEventNotification.run(GlassViewEventHandler.java:381) ~[jfxrt.jar:na]
	at com.sun.javafx.tk.quantum.GlassViewEventHandler$MouseEventNotification.run(GlassViewEventHandler.java:295) ~[jfxrt.jar:na]
	at java.security.AccessController.doPrivileged(Native Method) ~[na:1.8.0_131]
	at com.sun.javafx.tk.quantum.GlassViewEventHandler.lambda$handleMouseEvent$354(GlassViewEventHandler.java:417) ~[jfxrt.jar:na]
	at com.sun.javafx.tk.quantum.QuantumToolkit.runWithoutRenderLock(QuantumToolkit.java:389) ~[jfxrt.jar:na]
	at com.sun.javafx.tk.quantum.GlassViewEventHandler.handleMouseEvent(GlassViewEventHandler.java:416) ~[jfxrt.jar:na]
	at com.sun.glass.ui.View.handleMouseEvent(View.java:555) ~[jfxrt.jar:na]
	at com.sun.glass.ui.View.notifyMouse(View.java:937) ~[jfxrt.jar:na]
	at com.sun.glass.ui.win.WinApplication._runLoop(Native Method) ~[jfxrt.jar:na]
	at com.sun.glass.ui.win.WinApplication.lambda$null$148(WinApplication.java:191) ~[jfxrt.jar:na]
	at java.lang.Thread.run(Unknown Source) ~[na:1.8.0_131]
[INFO] [17:03:10.655] [JavaFX Application Thread] [] com.zzg.mybatis.generator.util.DbUtil.getConnectionUrlWithSchema:113 --> getConnectionUrlWithSchema, connection url: jdbc:mysql://rm-wz94985s63t088s7a.mysql.rds.aliyuncs.com:3306/cxc1?useUnicode=true&useSSL=false&characterEncoding=utf8
[INFO] [17:03:10.656] [JavaFX Application Thread] [] com.zzg.mybatis.generator.util.DbUtil.getTableNames:55 --> getTableNames, connection url: jdbc:mysql://rm-wz94985s63t088s7a.mysql.rds.aliyuncs.com:3306/cxc1?useUnicode=true&useSSL=false&characterEncoding=utf8
[INFO] [17:03:10.660] [JavaFX Application Thread] [] com.zzg.mybatis.generator.util.DbUtil.getConnectionUrlWithSchema:113 --> getConnectionUrlWithSchema, connection url: jdbc:mysql://rm-wz94985s63t088s7a.mysql.rds.aliyuncs.com:3306/cxc1?useUnicode=true&useSSL=false&characterEncoding=utf8
[ERROR] [17:03:10.683] [JavaFX Application Thread] [] com.zzg.mybatis.generator.controller.MainUIController.lambda$3:171 --> Invalid authorization specification,  message from server: "#28000ip not in whitelist, client ip is 113.87.161.195"
java.sql.SQLException: Invalid authorization specification,  message from server: "#28000ip not in whitelist, client ip is 113.87.161.195"
	at com.mysql.jdbc.SQLError.createSQLException(SQLError.java:957) ~[na:na]
	at com.mysql.jdbc.SQLError.createSQLException(SQLError.java:896) ~[na:na]
	at com.mysql.jdbc.SQLError.createSQLException(SQLError.java:885) ~[na:na]
	at com.mysql.jdbc.MysqlIO.doHandshake(MysqlIO.java:1038) ~[na:na]
	at com.mysql.jdbc.ConnectionImpl.coreConnect(ConnectionImpl.java:2255) ~[na:na]
	at com.mysql.jdbc.ConnectionImpl.connectOneTryOnly(ConnectionImpl.java:2286) ~[na:na]
	at com.mysql.jdbc.ConnectionImpl.createNewIO(ConnectionImpl.java:2085) ~[na:na]
	at com.mysql.jdbc.ConnectionImpl.<init>(ConnectionImpl.java:795) ~[na:na]
	at com.mysql.jdbc.JDBC4Connection.<init>(JDBC4Connection.java:44) ~[na:na]
	at sun.reflect.NativeConstructorAccessorImpl.newInstance0(Native Method) ~[na:1.8.0_131]
	at sun.reflect.NativeConstructorAccessorImpl.newInstance(Unknown Source) ~[na:1.8.0_131]
	at sun.reflect.DelegatingConstructorAccessorImpl.newInstance(Unknown Source) ~[na:1.8.0_131]
	at java.lang.reflect.Constructor.newInstance(Unknown Source) ~[na:1.8.0_131]
	at com.mysql.jdbc.Util.handleNewInstance(Util.java:404) ~[na:na]
	at com.mysql.jdbc.ConnectionImpl.getInstance(ConnectionImpl.java:400) ~[na:na]
	at com.mysql.jdbc.NonRegisteringDriver.connect(NonRegisteringDriver.java:327) ~[na:na]
	at com.zzg.mybatis.generator.util.DbUtil.getConnection(DbUtil.java:48) ~[classes/:na]
	at com.zzg.mybatis.generator.util.DbUtil.getTableNames(DbUtil.java:56) ~[classes/:na]
	at com.zzg.mybatis.generator.controller.MainUIController.lambda$3(MainUIController.java:153) ~[classes/:na]
	at com.sun.javafx.event.CompositeEventHandler$NormalEventHandlerRecord.handleBubblingEvent(CompositeEventHandler.java:218) ~[jfxrt.jar:na]
	at com.sun.javafx.event.CompositeEventHandler.dispatchBubblingEvent(CompositeEventHandler.java:80) ~[jfxrt.jar:na]
	at com.sun.javafx.event.EventHandlerManager.dispatchBubblingEvent(EventHandlerManager.java:238) ~[jfxrt.jar:na]
	at com.sun.javafx.event.EventHandlerManager.dispatchBubblingEvent(EventHandlerManager.java:191) ~[jfxrt.jar:na]
	at com.sun.javafx.event.CompositeEventDispatcher.dispatchBubblingEvent(CompositeEventDispatcher.java:59) ~[jfxrt.jar:na]
	at com.sun.javafx.event.BasicEventDispatcher.dispatchEvent(BasicEventDispatcher.java:58) ~[jfxrt.jar:na]
	at com.sun.javafx.event.EventDispatchChainImpl.dispatchEvent(EventDispatchChainImpl.java:114) ~[jfxrt.jar:na]
	at com.sun.javafx.event.BasicEventDispatcher.dispatchEvent(BasicEventDispatcher.java:56) ~[jfxrt.jar:na]
	at com.sun.javafx.event.EventDispatchChainImpl.dispatchEvent(EventDispatchChainImpl.java:114) ~[jfxrt.jar:na]
	at com.sun.javafx.event.BasicEventDispatcher.dispatchEvent(BasicEventDispatcher.java:56) ~[jfxrt.jar:na]
	at com.sun.javafx.event.EventDispatchChainImpl.dispatchEvent(EventDispatchChainImpl.java:114) ~[jfxrt.jar:na]
	at com.sun.javafx.event.BasicEventDispatcher.dispatchEvent(BasicEventDispatcher.java:56) ~[jfxrt.jar:na]
	at com.sun.javafx.event.EventDispatchChainImpl.dispatchEvent(EventDispatchChainImpl.java:114) ~[jfxrt.jar:na]
	at com.sun.javafx.event.BasicEventDispatcher.dispatchEvent(BasicEventDispatcher.java:56) ~[jfxrt.jar:na]
	at com.sun.javafx.event.EventDispatchChainImpl.dispatchEvent(EventDispatchChainImpl.java:114) ~[jfxrt.jar:na]
	at com.sun.javafx.event.BasicEventDispatcher.dispatchEvent(BasicEventDispatcher.java:56) ~[jfxrt.jar:na]
	at com.sun.javafx.event.EventDispatchChainImpl.dispatchEvent(EventDispatchChainImpl.java:114) ~[jfxrt.jar:na]
	at com.sun.javafx.event.EventUtil.fireEventImpl(EventUtil.java:74) ~[jfxrt.jar:na]
	at com.sun.javafx.event.EventUtil.fireEvent(EventUtil.java:54) ~[jfxrt.jar:na]
	at javafx.event.Event.fireEvent(Event.java:198) ~[jfxrt.jar:na]
	at javafx.scene.Scene$ClickGenerator.postProcess(Scene.java:3470) ~[jfxrt.jar:na]
	at javafx.scene.Scene$ClickGenerator.access$8100(Scene.java:3398) ~[jfxrt.jar:na]
	at javafx.scene.Scene$MouseHandler.process(Scene.java:3766) ~[jfxrt.jar:na]
	at javafx.scene.Scene$MouseHandler.access$1500(Scene.java:3485) ~[jfxrt.jar:na]
	at javafx.scene.Scene.impl_processMouseEvent(Scene.java:1762) ~[jfxrt.jar:na]
	at javafx.scene.Scene$ScenePeerListener.mouseEvent(Scene.java:2494) ~[jfxrt.jar:na]
	at com.sun.javafx.tk.quantum.GlassViewEventHandler$MouseEventNotification.run(GlassViewEventHandler.java:381) ~[jfxrt.jar:na]
	at com.sun.javafx.tk.quantum.GlassViewEventHandler$MouseEventNotification.run(GlassViewEventHandler.java:295) ~[jfxrt.jar:na]
	at java.security.AccessController.doPrivileged(Native Method) ~[na:1.8.0_131]
	at com.sun.javafx.tk.quantum.GlassViewEventHandler.lambda$handleMouseEvent$354(GlassViewEventHandler.java:417) ~[jfxrt.jar:na]
	at com.sun.javafx.tk.quantum.QuantumToolkit.runWithoutRenderLock(QuantumToolkit.java:389) ~[jfxrt.jar:na]
	at com.sun.javafx.tk.quantum.GlassViewEventHandler.handleMouseEvent(GlassViewEventHandler.java:416) ~[jfxrt.jar:na]
	at com.sun.glass.ui.View.handleMouseEvent(View.java:555) ~[jfxrt.jar:na]
	at com.sun.glass.ui.View.notifyMouse(View.java:937) ~[jfxrt.jar:na]
	at com.sun.glass.ui.win.WinApplication._runLoop(Native Method) ~[jfxrt.jar:na]
	at com.sun.glass.ui.win.WinApplication.lambda$null$148(WinApplication.java:191) ~[jfxrt.jar:na]
	at java.lang.Thread.run(Unknown Source) ~[na:1.8.0_131]
[INFO] [17:03:12.999] [JavaFX Application Thread] [] com.zzg.mybatis.generator.util.DbUtil.getConnectionUrlWithSchema:113 --> getConnectionUrlWithSchema, connection url: jdbc:mysql://rm-wz94985s63t088s7a.mysql.rds.aliyuncs.com:3306/cxc1?useUnicode=true&useSSL=false&characterEncoding=utf8
[INFO] [17:03:13.000] [JavaFX Application Thread] [] com.zzg.mybatis.generator.util.DbUtil.getTableNames:55 --> getTableNames, connection url: jdbc:mysql://rm-wz94985s63t088s7a.mysql.rds.aliyuncs.com:3306/cxc1?useUnicode=true&useSSL=false&characterEncoding=utf8
[INFO] [17:03:13.001] [JavaFX Application Thread] [] com.zzg.mybatis.generator.util.DbUtil.getConnectionUrlWithSchema:113 --> getConnectionUrlWithSchema, connection url: jdbc:mysql://rm-wz94985s63t088s7a.mysql.rds.aliyuncs.com:3306/cxc1?useUnicode=true&useSSL=false&characterEncoding=utf8
[ERROR] [17:03:13.024] [JavaFX Application Thread] [] com.zzg.mybatis.generator.controller.MainUIController.lambda$3:171 --> Invalid authorization specification,  message from server: "#28000ip not in whitelist, client ip is 113.87.161.195"
java.sql.SQLException: Invalid authorization specification,  message from server: "#28000ip not in whitelist, client ip is 113.87.161.195"
	at com.mysql.jdbc.SQLError.createSQLException(SQLError.java:957) ~[na:na]
	at com.mysql.jdbc.SQLError.createSQLException(SQLError.java:896) ~[na:na]
	at com.mysql.jdbc.SQLError.createSQLException(SQLError.java:885) ~[na:na]
	at com.mysql.jdbc.MysqlIO.doHandshake(MysqlIO.java:1038) ~[na:na]
	at com.mysql.jdbc.ConnectionImpl.coreConnect(ConnectionImpl.java:2255) ~[na:na]
	at com.mysql.jdbc.ConnectionImpl.connectOneTryOnly(ConnectionImpl.java:2286) ~[na:na]
	at com.mysql.jdbc.ConnectionImpl.createNewIO(ConnectionImpl.java:2085) ~[na:na]
	at com.mysql.jdbc.ConnectionImpl.<init>(ConnectionImpl.java:795) ~[na:na]
	at com.mysql.jdbc.JDBC4Connection.<init>(JDBC4Connection.java:44) ~[na:na]
	at sun.reflect.NativeConstructorAccessorImpl.newInstance0(Native Method) ~[na:1.8.0_131]
	at sun.reflect.NativeConstructorAccessorImpl.newInstance(Unknown Source) ~[na:1.8.0_131]
	at sun.reflect.DelegatingConstructorAccessorImpl.newInstance(Unknown Source) ~[na:1.8.0_131]
	at java.lang.reflect.Constructor.newInstance(Unknown Source) ~[na:1.8.0_131]
	at com.mysql.jdbc.Util.handleNewInstance(Util.java:404) ~[na:na]
	at com.mysql.jdbc.ConnectionImpl.getInstance(ConnectionImpl.java:400) ~[na:na]
	at com.mysql.jdbc.NonRegisteringDriver.connect(NonRegisteringDriver.java:327) ~[na:na]
	at com.zzg.mybatis.generator.util.DbUtil.getConnection(DbUtil.java:48) ~[classes/:na]
	at com.zzg.mybatis.generator.util.DbUtil.getTableNames(DbUtil.java:56) ~[classes/:na]
	at com.zzg.mybatis.generator.controller.MainUIController.lambda$3(MainUIController.java:153) ~[classes/:na]
	at com.sun.javafx.event.CompositeEventHandler$NormalEventHandlerRecord.handleBubblingEvent(CompositeEventHandler.java:218) ~[jfxrt.jar:na]
	at com.sun.javafx.event.CompositeEventHandler.dispatchBubblingEvent(CompositeEventHandler.java:80) ~[jfxrt.jar:na]
	at com.sun.javafx.event.EventHandlerManager.dispatchBubblingEvent(EventHandlerManager.java:238) ~[jfxrt.jar:na]
	at com.sun.javafx.event.EventHandlerManager.dispatchBubblingEvent(EventHandlerManager.java:191) ~[jfxrt.jar:na]
	at com.sun.javafx.event.CompositeEventDispatcher.dispatchBubblingEvent(CompositeEventDispatcher.java:59) ~[jfxrt.jar:na]
	at com.sun.javafx.event.BasicEventDispatcher.dispatchEvent(BasicEventDispatcher.java:58) ~[jfxrt.jar:na]
	at com.sun.javafx.event.EventDispatchChainImpl.dispatchEvent(EventDispatchChainImpl.java:114) ~[jfxrt.jar:na]
	at com.sun.javafx.event.BasicEventDispatcher.dispatchEvent(BasicEventDispatcher.java:56) ~[jfxrt.jar:na]
	at com.sun.javafx.event.EventDispatchChainImpl.dispatchEvent(EventDispatchChainImpl.java:114) ~[jfxrt.jar:na]
	at com.sun.javafx.event.BasicEventDispatcher.dispatchEvent(BasicEventDispatcher.java:56) ~[jfxrt.jar:na]
	at com.sun.javafx.event.EventDispatchChainImpl.dispatchEvent(EventDispatchChainImpl.java:114) ~[jfxrt.jar:na]
	at com.sun.javafx.event.BasicEventDispatcher.dispatchEvent(BasicEventDispatcher.java:56) ~[jfxrt.jar:na]
	at com.sun.javafx.event.EventDispatchChainImpl.dispatchEvent(EventDispatchChainImpl.java:114) ~[jfxrt.jar:na]
	at com.sun.javafx.event.BasicEventDispatcher.dispatchEvent(BasicEventDispatcher.java:56) ~[jfxrt.jar:na]
	at com.sun.javafx.event.EventDispatchChainImpl.dispatchEvent(EventDispatchChainImpl.java:114) ~[jfxrt.jar:na]
	at com.sun.javafx.event.BasicEventDispatcher.dispatchEvent(BasicEventDispatcher.java:56) ~[jfxrt.jar:na]
	at com.sun.javafx.event.EventDispatchChainImpl.dispatchEvent(EventDispatchChainImpl.java:114) ~[jfxrt.jar:na]
	at com.sun.javafx.event.EventUtil.fireEventImpl(EventUtil.java:74) ~[jfxrt.jar:na]
	at com.sun.javafx.event.EventUtil.fireEvent(EventUtil.java:54) ~[jfxrt.jar:na]
	at javafx.event.Event.fireEvent(Event.java:198) ~[jfxrt.jar:na]
	at javafx.scene.Scene$ClickGenerator.postProcess(Scene.java:3470) ~[jfxrt.jar:na]
	at javafx.scene.Scene$ClickGenerator.access$8100(Scene.java:3398) ~[jfxrt.jar:na]
	at javafx.scene.Scene$MouseHandler.process(Scene.java:3766) ~[jfxrt.jar:na]
	at javafx.scene.Scene$MouseHandler.access$1500(Scene.java:3485) ~[jfxrt.jar:na]
	at javafx.scene.Scene.impl_processMouseEvent(Scene.java:1762) ~[jfxrt.jar:na]
	at javafx.scene.Scene$ScenePeerListener.mouseEvent(Scene.java:2494) ~[jfxrt.jar:na]
	at com.sun.javafx.tk.quantum.GlassViewEventHandler$MouseEventNotification.run(GlassViewEventHandler.java:381) ~[jfxrt.jar:na]
	at com.sun.javafx.tk.quantum.GlassViewEventHandler$MouseEventNotification.run(GlassViewEventHandler.java:295) ~[jfxrt.jar:na]
	at java.security.AccessController.doPrivileged(Native Method) ~[na:1.8.0_131]
	at com.sun.javafx.tk.quantum.GlassViewEventHandler.lambda$handleMouseEvent$354(GlassViewEventHandler.java:417) ~[jfxrt.jar:na]
	at com.sun.javafx.tk.quantum.QuantumToolkit.runWithoutRenderLock(QuantumToolkit.java:389) ~[jfxrt.jar:na]
	at com.sun.javafx.tk.quantum.GlassViewEventHandler.handleMouseEvent(GlassViewEventHandler.java:416) ~[jfxrt.jar:na]
	at com.sun.glass.ui.View.handleMouseEvent(View.java:555) ~[jfxrt.jar:na]
	at com.sun.glass.ui.View.notifyMouse(View.java:937) ~[jfxrt.jar:na]
	at com.sun.glass.ui.win.WinApplication._runLoop(Native Method) ~[jfxrt.jar:na]
	at com.sun.glass.ui.win.WinApplication.lambda$null$148(WinApplication.java:191) ~[jfxrt.jar:na]
	at java.lang.Thread.run(Unknown Source) ~[na:1.8.0_131]
[INFO] [17:03:14.938] [JavaFX Application Thread] [] com.zzg.mybatis.generator.util.DbUtil.getConnectionUrlWithSchema:113 --> getConnectionUrlWithSchema, connection url: jdbc:mysql://rm-wz94985s63t088s7a.mysql.rds.aliyuncs.com:3306/cxc1?useUnicode=true&useSSL=false&characterEncoding=utf8
[INFO] [17:03:14.938] [JavaFX Application Thread] [] com.zzg.mybatis.generator.util.DbUtil.getTableNames:55 --> getTableNames, connection url: jdbc:mysql://rm-wz94985s63t088s7a.mysql.rds.aliyuncs.com:3306/cxc1?useUnicode=true&useSSL=false&characterEncoding=utf8
[INFO] [17:03:14.939] [JavaFX Application Thread] [] com.zzg.mybatis.generator.util.DbUtil.getConnectionUrlWithSchema:113 --> getConnectionUrlWithSchema, connection url: jdbc:mysql://rm-wz94985s63t088s7a.mysql.rds.aliyuncs.com:3306/cxc1?useUnicode=true&useSSL=false&characterEncoding=utf8
[ERROR] [17:03:14.958] [JavaFX Application Thread] [] com.zzg.mybatis.generator.controller.MainUIController.lambda$3:171 --> Invalid authorization specification,  message from server: "#28000ip not in whitelist, client ip is 113.87.161.195"
java.sql.SQLException: Invalid authorization specification,  message from server: "#28000ip not in whitelist, client ip is 113.87.161.195"
	at com.mysql.jdbc.SQLError.createSQLException(SQLError.java:957) ~[na:na]
	at com.mysql.jdbc.SQLError.createSQLException(SQLError.java:896) ~[na:na]
	at com.mysql.jdbc.SQLError.createSQLException(SQLError.java:885) ~[na:na]
	at com.mysql.jdbc.MysqlIO.doHandshake(MysqlIO.java:1038) ~[na:na]
	at com.mysql.jdbc.ConnectionImpl.coreConnect(ConnectionImpl.java:2255) ~[na:na]
	at com.mysql.jdbc.ConnectionImpl.connectOneTryOnly(ConnectionImpl.java:2286) ~[na:na]
	at com.mysql.jdbc.ConnectionImpl.createNewIO(ConnectionImpl.java:2085) ~[na:na]
	at com.mysql.jdbc.ConnectionImpl.<init>(ConnectionImpl.java:795) ~[na:na]
	at com.mysql.jdbc.JDBC4Connection.<init>(JDBC4Connection.java:44) ~[na:na]
	at sun.reflect.NativeConstructorAccessorImpl.newInstance0(Native Method) ~[na:1.8.0_131]
	at sun.reflect.NativeConstructorAccessorImpl.newInstance(Unknown Source) ~[na:1.8.0_131]
	at sun.reflect.DelegatingConstructorAccessorImpl.newInstance(Unknown Source) ~[na:1.8.0_131]
	at java.lang.reflect.Constructor.newInstance(Unknown Source) ~[na:1.8.0_131]
	at com.mysql.jdbc.Util.handleNewInstance(Util.java:404) ~[na:na]
	at com.mysql.jdbc.ConnectionImpl.getInstance(ConnectionImpl.java:400) ~[na:na]
	at com.mysql.jdbc.NonRegisteringDriver.connect(NonRegisteringDriver.java:327) ~[na:na]
	at com.zzg.mybatis.generator.util.DbUtil.getConnection(DbUtil.java:48) ~[classes/:na]
	at com.zzg.mybatis.generator.util.DbUtil.getTableNames(DbUtil.java:56) ~[classes/:na]
	at com.zzg.mybatis.generator.controller.MainUIController.lambda$3(MainUIController.java:153) ~[classes/:na]
	at com.sun.javafx.event.CompositeEventHandler$NormalEventHandlerRecord.handleBubblingEvent(CompositeEventHandler.java:218) ~[jfxrt.jar:na]
	at com.sun.javafx.event.CompositeEventHandler.dispatchBubblingEvent(CompositeEventHandler.java:80) ~[jfxrt.jar:na]
	at com.sun.javafx.event.EventHandlerManager.dispatchBubblingEvent(EventHandlerManager.java:238) ~[jfxrt.jar:na]
	at com.sun.javafx.event.EventHandlerManager.dispatchBubblingEvent(EventHandlerManager.java:191) ~[jfxrt.jar:na]
	at com.sun.javafx.event.CompositeEventDispatcher.dispatchBubblingEvent(CompositeEventDispatcher.java:59) ~[jfxrt.jar:na]
	at com.sun.javafx.event.BasicEventDispatcher.dispatchEvent(BasicEventDispatcher.java:58) ~[jfxrt.jar:na]
	at com.sun.javafx.event.EventDispatchChainImpl.dispatchEvent(EventDispatchChainImpl.java:114) ~[jfxrt.jar:na]
	at com.sun.javafx.event.BasicEventDispatcher.dispatchEvent(BasicEventDispatcher.java:56) ~[jfxrt.jar:na]
	at com.sun.javafx.event.EventDispatchChainImpl.dispatchEvent(EventDispatchChainImpl.java:114) ~[jfxrt.jar:na]
	at com.sun.javafx.event.BasicEventDispatcher.dispatchEvent(BasicEventDispatcher.java:56) ~[jfxrt.jar:na]
	at com.sun.javafx.event.EventDispatchChainImpl.dispatchEvent(EventDispatchChainImpl.java:114) ~[jfxrt.jar:na]
	at com.sun.javafx.event.BasicEventDispatcher.dispatchEvent(BasicEventDispatcher.java:56) ~[jfxrt.jar:na]
	at com.sun.javafx.event.EventDispatchChainImpl.dispatchEvent(EventDispatchChainImpl.java:114) ~[jfxrt.jar:na]
	at com.sun.javafx.event.BasicEventDispatcher.dispatchEvent(BasicEventDispatcher.java:56) ~[jfxrt.jar:na]
	at com.sun.javafx.event.EventDispatchChainImpl.dispatchEvent(EventDispatchChainImpl.java:114) ~[jfxrt.jar:na]
	at com.sun.javafx.event.BasicEventDispatcher.dispatchEvent(BasicEventDispatcher.java:56) ~[jfxrt.jar:na]
	at com.sun.javafx.event.EventDispatchChainImpl.dispatchEvent(EventDispatchChainImpl.java:114) ~[jfxrt.jar:na]
	at com.sun.javafx.event.EventUtil.fireEventImpl(EventUtil.java:74) ~[jfxrt.jar:na]
	at com.sun.javafx.event.EventUtil.fireEvent(EventUtil.java:54) ~[jfxrt.jar:na]
	at javafx.event.Event.fireEvent(Event.java:198) ~[jfxrt.jar:na]
	at javafx.scene.Scene$ClickGenerator.postProcess(Scene.java:3470) ~[jfxrt.jar:na]
	at javafx.scene.Scene$ClickGenerator.access$8100(Scene.java:3398) ~[jfxrt.jar:na]
	at javafx.scene.Scene$MouseHandler.process(Scene.java:3766) ~[jfxrt.jar:na]
	at javafx.scene.Scene$MouseHandler.access$1500(Scene.java:3485) ~[jfxrt.jar:na]
	at javafx.scene.Scene.impl_processMouseEvent(Scene.java:1762) ~[jfxrt.jar:na]
	at javafx.scene.Scene$ScenePeerListener.mouseEvent(Scene.java:2494) ~[jfxrt.jar:na]
	at com.sun.javafx.tk.quantum.GlassViewEventHandler$MouseEventNotification.run(GlassViewEventHandler.java:381) ~[jfxrt.jar:na]
	at com.sun.javafx.tk.quantum.GlassViewEventHandler$MouseEventNotification.run(GlassViewEventHandler.java:295) ~[jfxrt.jar:na]
	at java.security.AccessController.doPrivileged(Native Method) ~[na:1.8.0_131]
	at com.sun.javafx.tk.quantum.GlassViewEventHandler.lambda$handleMouseEvent$354(GlassViewEventHandler.java:417) ~[jfxrt.jar:na]
	at com.sun.javafx.tk.quantum.QuantumToolkit.runWithoutRenderLock(QuantumToolkit.java:389) ~[jfxrt.jar:na]
	at com.sun.javafx.tk.quantum.GlassViewEventHandler.handleMouseEvent(GlassViewEventHandler.java:416) ~[jfxrt.jar:na]
	at com.sun.glass.ui.View.handleMouseEvent(View.java:555) ~[jfxrt.jar:na]
	at com.sun.glass.ui.View.notifyMouse(View.java:937) ~[jfxrt.jar:na]
	at com.sun.glass.ui.win.WinApplication._runLoop(Native Method) ~[jfxrt.jar:na]
	at com.sun.glass.ui.win.WinApplication.lambda$null$148(WinApplication.java:191) ~[jfxrt.jar:na]
	at java.lang.Thread.run(Unknown Source) ~[na:1.8.0_131]
[INFO] [17:04:00.801] [JavaFX Application Thread] [] com.zzg.mybatis.generator.util.DbUtil.getConnectionUrlWithSchema:113 --> getConnectionUrlWithSchema, connection url: jdbc:mysql://rm-wz94985s63t088s7a.mysql.rds.aliyuncs.com:3306/cxc1?useUnicode=true&useSSL=false&characterEncoding=utf8
[INFO] [17:04:00.802] [JavaFX Application Thread] [] com.zzg.mybatis.generator.util.DbUtil.getTableNames:55 --> getTableNames, connection url: jdbc:mysql://rm-wz94985s63t088s7a.mysql.rds.aliyuncs.com:3306/cxc1?useUnicode=true&useSSL=false&characterEncoding=utf8
[INFO] [17:04:00.803] [JavaFX Application Thread] [] com.zzg.mybatis.generator.util.DbUtil.getConnectionUrlWithSchema:113 --> getConnectionUrlWithSchema, connection url: jdbc:mysql://rm-wz94985s63t088s7a.mysql.rds.aliyuncs.com:3306/cxc1?useUnicode=true&useSSL=false&characterEncoding=utf8
[INFO] [17:04:01.010] [JavaFX Application Thread] [] com.zzg.mybatis.generator.util.DbUtil.getConnection:49 --> getConnection, connection url: com.mysql.jdbc.JDBC4Connection@768d90f8
[INFO] [17:45:46.274] [JavaFX Application Thread] [] com.zzg.mybatis.generator.util.ConfigHelper.loadGeneratorConfigs:180 --> sql: SELECT * FROM generator_config
[INFO] [17:46:53.733] [JavaFX Application Thread] [] com.zzg.mybatis.generator.util.ConfigHelper.loadGeneratorConfigs:180 --> sql: SELECT * FROM generator_config
[INFO] [17:46:54.754] [JavaFX Application Thread] [] com.zzg.mybatis.generator.util.ConfigHelper.loadGeneratorConfig:157 --> sql: SELECT * FROM generator_config where name='na'
[INFO] [17:46:59.894] [JavaFX Application Thread] [] com.zzg.mybatis.generator.util.ConfigHelper.findConnectorLibPath:213 --> jar resource: file:/D:/workspace/astrology/mybatis-generator-gui-master/target/classes/logback.xml
[INFO] [17:46:59.895] [JavaFX Application Thread] [] com.zzg.mybatis.generator.bridge.MybatisGeneratorBridge.generate:60 --> connectorLibPath: D:\workspace\astrology\mybatis-generator-gui-master\target\classes\lib\mysql-connector-java-5.1.38.jar
[INFO] [17:46:59.899] [JavaFX Application Thread] [] com.zzg.mybatis.generator.util.DbUtil.getConnectionUrlWithSchema:113 --> getConnectionUrlWithSchema, connection url: jdbc:mysql://rm-wz94985s63t088s7a.mysql.rds.aliyuncs.com:3306/cxc1?useUnicode=true&useSSL=false&characterEncoding=utf8
[INFO] [17:58:23.763] [JavaFX Application Thread] [] com.zzg.mybatis.generator.util.ConfigHelper.findConnectorLibPath:213 --> jar resource: file:/D:/workspace/astrology/mybatis-generator-gui-master/target/classes/logback.xml
[INFO] [17:58:23.764] [JavaFX Application Thread] [] com.zzg.mybatis.generator.bridge.MybatisGeneratorBridge.generate:60 --> connectorLibPath: D:\workspace\astrology\mybatis-generator-gui-master\target\classes\lib\mysql-connector-java-5.1.38.jar
[INFO] [17:58:23.764] [JavaFX Application Thread] [] com.zzg.mybatis.generator.util.DbUtil.getConnectionUrlWithSchema:113 --> getConnectionUrlWithSchema, connection url: jdbc:mysql://rm-wz94985s63t088s7a.mysql.rds.aliyuncs.com:3306/cxc1?useUnicode=true&useSSL=false&characterEncoding=utf8
